g:\c++project\guidesystem\x64\debug\guidesystem.pch
g:\c++project\guidesystem\x64\debug\vc143.pdb
g:\c++project\guidesystem\x64\debug\vc143.idb
g:\c++project\guidesystem\x64\debug\guidesystem.pchast
g:\c++project\guidesystem\x64\debug\pch.nativecodeanalysis.xml
g:\c++project\guidesystem\x64\debug\pch.obj
g:\c++project\guidesystem\x64\debug\guidesystem.nativecodeanalysis.xml
g:\c++project\guidesystem\x64\debug\guidesystemdlg.nativecodeanalysis.xml
g:\c++project\guidesystem\x64\debug\mgraph.nativecodeanalysis.xml
g:\c++project\guidesystem\x64\debug\mytools.nativecodeanalysis.xml
g:\c++project\guidesystem\x64\debug\mytools.obj
g:\c++project\guidesystem\x64\debug\mgraph.obj
g:\c++project\guidesystem\x64\debug\guidesystemdlg.obj
g:\c++project\guidesystem\x64\debug\guidesystem.obj
g:\c++project\guidesystem\x64\debug\guidesystem.ilk
g:\c++project\guidesystem\x64\debug\guidesystem.exe
g:\c++project\guidesystem\x64\debug\guidesystem.pdb
g:\c++project\guidesystem\x64\debug\guidesystem.res
g:\c++project\guidesystem\x64\debug\guidesystem.tlog\cl.command.1.tlog
g:\c++project\guidesystem\x64\debug\guidesystem.tlog\cl.items.tlog
g:\c++project\guidesystem\x64\debug\guidesystem.tlog\cl.read.1.tlog
g:\c++project\guidesystem\x64\debug\guidesystem.tlog\cl.write.1.tlog
g:\c++project\guidesystem\x64\debug\guidesystem.tlog\link.command.1.tlog
g:\c++project\guidesystem\x64\debug\guidesystem.tlog\link.read.1.tlog
g:\c++project\guidesystem\x64\debug\guidesystem.tlog\link.write.1.tlog
g:\c++project\guidesystem\x64\debug\guidesystem.tlog\rc.command.1.tlog
g:\c++project\guidesystem\x64\debug\guidesystem.tlog\rc.read.1.tlog
g:\c++project\guidesystem\x64\debug\guidesystem.tlog\rc.write.1.tlog
